[2025-05-26 17:04:27] NEW LISTING! Fifty One London: £828.0 | Link: https://en.uhomes.com/uk/london/detail-apartments-1655401?schoolunique=imperial-college-london-icl
[2025-05-26 17:04:27] NEW LISTING! Downing The Lyra: £343.0 | Link: https://en.uhomes.com/uk/london/detail-apartments-13352?schoolunique=imperial-college-london-icl
[2025-05-26 17:04:27] NEW LISTING! Chapter Ealing: £345.0 | Link: https://en.uhomes.com/uk/london/detail-apartments-793913?schoolunique=imperial-college-london-icl
[2025-05-26 17:04:27] NEW LISTING! iQ Hammersmith: £435.0 | Link: https://en.uhomes.com/uk/london/detail-apartments-13897?schoolunique=imperial-college-london-icl
[2025-05-26 17:04:27] NEW LISTING! Chelsea Lightfoot Hall: £218.0 | Link: https://en.uhomes.com/uk/london/detail-apartments-29064?schoolunique=imperial-college-london-icl
[2025-05-26 17:04:27] NEW LISTING! Scape Hammersmith: £403.0 | Link: https://en.uhomes.com/uk/london/detail-apartments-1654134?schoolunique=imperial-college-london-icl
[2025-05-26 17:04:27] NEW LISTING! Chapter Portobello: £307.0 | Link: https://en.uhomes.com/uk/london/detail-apartments-18585?schoolunique=imperial-college-london-icl
[2025-05-26 17:04:27] NEW LISTING! Chapter White City: £397.0 | Link: https://en.uhomes.com/uk/london/detail-apartments-726004?schoolunique=imperial-college-london-icl
[2025-05-26 17:04:27] NEW LISTING! Dolphin Square: £1909.0 | Link: https://en.uhomes.com/uk/london/detail-apartments-1494917?schoolunique=imperial-college-london-icl
[2025-05-26 17:04:27] NEW LISTING! Ravenscourt House: £349.0 | Link: https://en.uhomes.com/uk/london/detail-apartments-1548386?schoolunique=imperial-college-london-icl
[2025-05-26 17:04:27] NEW LISTING! Spring Mews: £398.0 | Link: https://en.uhomes.com/uk/london/detail-apartments-18766?schoolunique=imperial-college-london-icl
[2025-05-26 17:04:27] NEW LISTING! County Hall Apartment: £375.0 | Link: https://en.uhomes.com/uk/london/detail-apartments-1561252?schoolunique=imperial-college-london-icl
[2025-05-26 16:15:40] NEW LISTING! Fifty One London: £828.0 | Link: https://en.uhomes.com/uk/london/detail-apartments-1655401?schoolunique=imperial-college-london-icl
[2025-05-26 16:15:40] NEW LISTING! Downing The Lyra: £343.0 | Link: https://en.uhomes.com/uk/london/detail-apartments-13352?schoolunique=imperial-college-london-icl
[2025-05-26 16:15:40] NEW LISTING! Chapter Ealing: £345.0 | Link: https://en.uhomes.com/uk/london/detail-apartments-793913?schoolunique=imperial-college-london-icl
[2025-05-26 16:15:40] NEW LISTING! iQ Hammersmith: £435.0 | Link: https://en.uhomes.com/uk/london/detail-apartments-13897?schoolunique=imperial-college-london-icl
[2025-05-26 16:15:40] NEW LISTING! Chelsea Lightfoot Hall: £218.0 | Link: https://en.uhomes.com/uk/london/detail-apartments-29064?schoolunique=imperial-college-london-icl
[2025-05-26 16:15:40] NEW LISTING! Scape Hammersmith: £403.0 | Link: https://en.uhomes.com/uk/london/detail-apartments-1654134?schoolunique=imperial-college-london-icl
[2025-05-26 16:15:40] NEW LISTING! Chapter Portobello: £307.0 | Link: https://en.uhomes.com/uk/london/detail-apartments-18585?schoolunique=imperial-college-london-icl
[2025-05-26 16:15:40] NEW LISTING! Chapter White City: £397.0 | Link: https://en.uhomes.com/uk/london/detail-apartments-726004?schoolunique=imperial-college-london-icl
[2025-05-26 16:15:40] NEW LISTING! Dolphin Square: £1909.0 | Link: https://en.uhomes.com/uk/london/detail-apartments-1494917?schoolunique=imperial-college-london-icl
[2025-05-26 16:15:40] NEW LISTING! Ravenscourt House: £349.0 | Link: https://en.uhomes.com/uk/london/detail-apartments-1548386?schoolunique=imperial-college-london-icl
[2025-05-26 16:15:40] NEW LISTING! Spring Mews: £398.0 | Link: https://en.uhomes.com/uk/london/detail-apartments-18766?schoolunique=imperial-college-london-icl
[2025-05-26 16:15:40] NEW LISTING! County Hall Apartment: £375.0 | Link: https://en.uhomes.com/uk/london/detail-apartments-1561252?schoolunique=imperial-college-london-icl
[2025-06-03 09:14:59] PRICE UP! Ravenscourt House: £349.0 -> £359.0 | Link: https://en.uhomes.com/uk/london/detail-apartments-1548386?schoolunique=imperial-college-london-icl
[2025-06-09 09:15:21] DISCOUNT! Downing The Lyra: £343.0 -> £323.0 | Link: https://en.uhomes.com/uk/london/detail-apartments-13352?schoolunique=imperial-college-london-icl
[2025-06-09 09:15:21] DISCOUNT! Chapter Portobello: £307.0 -> £289.0 | Link: https://en.uhomes.com/uk/london/detail-apartments-18585?schoolunique=imperial-college-london-icl
[2025-06-11 09:15:29] PRICE UP! Fifty One London: £828.0 -> £839.0 | Link: https://en.uhomes.com/uk/london/detail-apartments-1655401?schoolunique=imperial-college-london-icl
[2025-06-12 09:14:31] PRICE UP! Downing The Lyra: £323.0 -> £327.0 | Link: https://en.uhomes.com/uk/london/detail-apartments-13352?schoolunique=imperial-college-london-icl
[2025-06-12 09:14:31] DISCOUNT! Scape Hammersmith: £403.0 -> £393.0 | Link: https://en.uhomes.com/uk/london/detail-apartments-1654134?schoolunique=imperial-college-london-icl
[2025-06-14 09:14:03] NEW LISTING! iQ Vega: £408.0 | Link: https://en.uhomes.com/uk/london/detail-apartments-1504453?schoolunique=imperial-college-london-icl
[2025-06-14 09:14:03] REMOVED! Downing The Lyra (was £327.0) | Link: https://en.uhomes.com/uk/london/detail-apartments-13352?schoolunique=imperial-college-london-icl
